<?xml version="1.0" encoding="UTF-8"?>
<testng-results ignored="0" total="1" passed="1" failed="0" skipped="0">
  <reporter-output>
    <line>
      <![CDATA[lauching chromeBrowser]]>
    </line>
    <line>
      <![CDATA[Lauching website]]>
    </line>
    <line>
      <![CDATA[Waiting for 3000 milisec]]>
    </line>
    <line>
      <![CDATA[Waiting for 2000 milisec]]>
    </line>
    <line>
      <![CDATA[Clicking on roundTrip]]>
    </line>
    <line>
      <![CDATA[Waiting for 2000 milisec]]>
    </line>
    <line>
      <![CDATA[Waiting for 1000 milisec]]>
    </line>
    <line>
      <![CDATA[Entering from city name]]>
    </line>
    <line>
      <![CDATA[Waiting for 500 milisec]]>
    </line>
    <line>
      <![CDATA[Waiting for 500 milisec]]>
    </line>
    <line>
      <![CDATA[Waiting for 1000 milisec]]>
    </line>
    <line>
      <![CDATA[Entering toCityname]]>
    </line>
    <line>
      <![CDATA[Waiting for 1000 milisec]]>
    </line>
    <line>
      <![CDATA[Waiting for 500 milisec]]>
    </line>
    <line>
      <![CDATA[Getting Actual Message like You are booking for more than 30 days]]>
    </line>
    <line>
      <![CDATA[Waiting for 500 milisec]]>
    </line>
    <line>
      <![CDATA[Waiting for 800 milisec]]>
    </line>
    <line>
      <![CDATA[Waiting for 1000 milisec]]>
    </line>
    <line>
      <![CDATA[Waiting for 500 milisec]]>
    </line>
    <line>
      <![CDATA[Waiting for 500 milisec]]>
    </line>
    <line>
      <![CDATA[Save on bookings with more than 9 travellers]]>
    </line>
    <line>
      <![CDATA[Waiting for 800 milisec]]>
    </line>
    <line>
      <![CDATA[Waiting for 1000 milisec]]>
    </line>
    <line>
      <![CDATA[Waiting for 500 milisec]]>
    </line>
    <line>
      <![CDATA[Waiting for 500 milisec]]>
    </line>
    <line>
      <![CDATA[Waiting for 500 milisec]]>
    </line>
    <line>
      <![CDATA[Waiting for 2000 milisec]]>
    </line>
    <line>
      <![CDATA[Waiting for 2000 milisec]]>
    </line>
    <line>
      <![CDATA[Waiting for 1500 milisec]]>
    </line>
    <line>
      <![CDATA[Waiting for 1000 milisec]]>
    </line>
    <line>
      <![CDATA[The date Display on Review page is Wed, 25 Oct]]>
    </line>
  </reporter-output>
  <suite started-at="2023-10-21T01:44:11 IST" name="Default suite" finished-at="2023-10-21T01:45:24 IST" duration-ms="73110">
    <groups>
    </groups>
    <test started-at="2023-10-21T01:44:11 IST" name="Default test" finished-at="2023-10-21T01:45:24 IST" duration-ms="73110">
      <class name="test.TC01_verifyMessageOf30Days">
        <test-method is-config="true" signature="OpenBrowser()[pri:0, instance:test.TC01_verifyMessageOf30Days@689604d9]" started-at="2023-10-21T01:44:11 IST" name="OpenBrowser" finished-at="2023-10-21T01:44:25 IST" duration-ms="14025" status="PASS">
          <reporter-output>
            <line>
              <![CDATA[lauching chromeBrowser]]>
            </line>
            <line>
              <![CDATA[Lauching website]]>
            </line>
          </reporter-output>
        </test-method> <!-- OpenBrowser -->
        <test-method is-config="true" signature="journeyInfo()[pri:0, instance:test.TC01_verifyMessageOf30Days@689604d9]" started-at="2023-10-21T01:44:25 IST" name="journeyInfo" finished-at="2023-10-21T01:44:39 IST" duration-ms="13823" status="PASS">
          <reporter-output>
            <line>
              <![CDATA[Waiting for 3000 milisec]]>
            </line>
            <line>
              <![CDATA[Waiting for 2000 milisec]]>
            </line>
            <line>
              <![CDATA[Clicking on roundTrip]]>
            </line>
            <line>
              <![CDATA[Waiting for 2000 milisec]]>
            </line>
            <line>
              <![CDATA[Waiting for 1000 milisec]]>
            </line>
            <line>
              <![CDATA[Entering from city name]]>
            </line>
            <line>
              <![CDATA[Waiting for 500 milisec]]>
            </line>
            <line>
              <![CDATA[Waiting for 500 milisec]]>
            </line>
            <line>
              <![CDATA[Waiting for 1000 milisec]]>
            </line>
            <line>
              <![CDATA[Entering toCityname]]>
            </line>
            <line>
              <![CDATA[Waiting for 1000 milisec]]>
            </line>
            <line>
              <![CDATA[Waiting for 500 milisec]]>
            </line>
          </reporter-output>
        </test-method> <!-- journeyInfo -->
        <test-method signature="VerifyMessageOF30Days()[pri:0, instance:test.TC01_verifyMessageOf30Days@689604d9]" started-at="2023-10-21T01:44:39 IST" name="VerifyMessageOF30Days" finished-at="2023-10-21T01:45:24 IST" duration-ms="45220" status="PASS">
          <reporter-output>
            <line>
              <![CDATA[Getting Actual Message like You are booking for more than 30 days]]>
            </line>
            <line>
              <![CDATA[Waiting for 500 milisec]]>
            </line>
            <line>
              <![CDATA[Waiting for 800 milisec]]>
            </line>
            <line>
              <![CDATA[Waiting for 1000 milisec]]>
            </line>
            <line>
              <![CDATA[Waiting for 500 milisec]]>
            </line>
            <line>
              <![CDATA[Waiting for 500 milisec]]>
            </line>
            <line>
              <![CDATA[Save on bookings with more than 9 travellers]]>
            </line>
            <line>
              <![CDATA[Waiting for 800 milisec]]>
            </line>
            <line>
              <![CDATA[Waiting for 1000 milisec]]>
            </line>
            <line>
              <![CDATA[Waiting for 500 milisec]]>
            </line>
            <line>
              <![CDATA[Waiting for 500 milisec]]>
            </line>
            <line>
              <![CDATA[Waiting for 500 milisec]]>
            </line>
            <line>
              <![CDATA[Waiting for 2000 milisec]]>
            </line>
            <line>
              <![CDATA[Waiting for 2000 milisec]]>
            </line>
            <line>
              <![CDATA[Waiting for 1500 milisec]]>
            </line>
            <line>
              <![CDATA[Waiting for 1000 milisec]]>
            </line>
            <line>
              <![CDATA[The date Display on Review page is Wed, 25 Oct]]>
            </line>
          </reporter-output>
        </test-method> <!-- VerifyMessageOF30Days -->
      </class> <!-- test.TC01_verifyMessageOf30Days -->
    </test> <!-- Default test -->
  </suite> <!-- Default suite -->
</testng-results>
